<?xml version="1.0" encoding="UTF-8"?>
<!-- Generated by org.testng.reporters.JUnitReportReporter -->
<testsuite hostname="LIN49003417" failures="0" tests="2" name="SeleniumFrameWork.FrameWorkDesign1.ShoppingAutomation" time="32.494" errors="0" timestamp="2024-08-13T19:03:01 IST" skipped="0">
  <testcase classname="SeleniumFrameWork.FrameWorkDesign1.ShoppingAutomation" name="orderHistory" time="11.953"/>
  <testcase classname="SeleniumFrameWork.FrameWorkDesign1.ShoppingAutomation" name="shopping" time="20.541"/>
</testsuite> <!-- SeleniumFrameWork.FrameWorkDesign1.ShoppingAutomation -->
