<?xml version="1.0" encoding="UTF-8"?>
<!-- Generated by org.testng.reporters.JUnitReportReporter -->
<testsuite hostname="LIN49003417" failures="0" tests="1" name="CucumberFeature.TestNgTestRunner" time="5.746" errors="0" timestamp="2024-08-16T03:47:12 IST" skipped="0">
  <testcase classname="CucumberFeature.TestNgTestRunner" name="runScenario" time="5.746"/>
</testsuite> <!-- CucumberFeature.TestNgTestRunner -->
