<?xml version="1.0" encoding="UTF-8"?>
<!-- Generated by org.testng.reporters.JUnitReportReporter -->
<testsuite hostname="LIN49003417" failures="0" tests="1" name="SeleniumFrameWork.FrameWorkDesign1.ErrorValidation" time="9.170" errors="0" timestamp="2024-08-16T03:46:52 IST" skipped="0">
  <testcase classname="SeleniumFrameWork.FrameWorkDesign1.ErrorValidation" name="loginErrorValidation" time="9.170"/>
</testsuite> <!-- SeleniumFrameWork.FrameWorkDesign1.ErrorValidation -->
