<?xml version="1.0" encoding="UTF-8"?>
<!-- Generated by org.testng.reporters.JUnitReportReporter -->
<testsuite hostname="LIN49003417" failures="0" tests="2" name="SeleniumFrameWork.FrameWorkDesign1.ShoppingAutomation" time="33.888" errors="0" timestamp="2024-08-16T03:46:52 IST" skipped="0">
  <testcase classname="SeleniumFrameWork.FrameWorkDesign1.ShoppingAutomation" name="orderHistory" time="10.598"/>
  <testcase classname="SeleniumFrameWork.FrameWorkDesign1.ShoppingAutomation" name="shopping" time="23.290"/>
</testsuite> <!-- SeleniumFrameWork.FrameWorkDesign1.ShoppingAutomation -->
